<testsuites id="" name="" tests="981" failures="286" skipped="638" errors="0" time="149.082752">
<testsuite name="critical-navigation-smoke-test.spec.js" timestamp="2025-08-23T08:39:36.066Z" hostname="chromium-desktop" tests="3" failures="3" skipped="0" time="28.118" errors="0">
<testcase name="Critical Navigation Smoke Tests › Critical navigation smoke test - Mobile toggle functionality" classname="critical-navigation-smoke-test.spec.js" time="10.751">
<failure message="critical-navigation-smoke-test.spec.js:26:3 Critical navigation smoke test - Mobile toggle functionality" type="FAILURE">
<![CDATA[  [chromium-desktop] › critical-navigation-smoke-test.spec.js:26:3 › Critical Navigation Smoke Tests › Critical navigation smoke test - Mobile toggle functionality 

    Error: expect(locator).toBeVisible() failed

    Locator:  locator('.nav-menu')
    Expected: visible
    Received: hidden
    Timeout:  5000ms

    Call log:
      - Expect "toBeVisible" with timeout 5000ms
      - waiting for locator('.nav-menu')
        8 × locator resolved to <ul id="main-nav" class="nav-menu slds-nav-horizontal universal-nav-menu">…</ul>
          - unexpected value "hidden"


      37 |     // P0 Safety Check: Elements exist
      38 |     await expect(mobileToggle).toBeVisible({ timeout: 5000 });
    > 39 |     await expect(navMenu).toBeVisible({ timeout: 5000 });
         |                           ^
      40 |     
      41 |     // P0 Safety Check: Initial state is correct
      42 |     await expect(navMenu).not.toHaveClass(/nav-show/);
        at C:\Users\luetk\Desktop\Website\Website Next Version\tools\testing\tests\critical-navigation-smoke-test.spec.js:39:27

    attachment #1: screenshot (image/png) ──────────────────────────────────────────────────────────
    ..\..\..\test-results\critical-navigation-smoke--5773a-Mobile-toggle-functionality-chromium-desktop\test-failed-1.png
    ────────────────────────────────────────────────────────────────────────────────────────────────

    attachment #2: video (video/webm) ──────────────────────────────────────────────────────────────
    ..\..\..\test-results\critical-navigation-smoke--5773a-Mobile-toggle-functionality-chromium-desktop\video.webm
    ────────────────────────────────────────────────────────────────────────────────────────────────

    Error Context: ..\..\..\test-results\critical-navigation-smoke--5773a-Mobile-toggle-functionality-chromium-desktop\error-context.md
]]>
</failure>
<system-out>
<![CDATA[
[[ATTACHMENT|..\..\..\test-results\critical-navigation-smoke--5773a-Mobile-toggle-functionality-chromium-desktop\test-failed-1.png]]

[[ATTACHMENT|..\..\..\test-results\critical-navigation-smoke--5773a-Mobile-toggle-functionality-chromium-desktop\video.webm]]

[[ATTACHMENT|..\..\..\test-results\critical-navigation-smoke--5773a-Mobile-toggle-functionality-chromium-desktop\error-context.md]]
]]>
</system-out>
</testcase>
<testcase name="Critical Navigation Smoke Tests › Critical navigation smoke test - Cross-page consistency" classname="critical-navigation-smoke-test.spec.js" time="6.675">
<failure message="critical-navigation-smoke-test.spec.js:58:3 Critical navigation smoke test - Cross-page consistency" type="FAILURE">
<![CDATA[  [chromium-desktop] › critical-navigation-smoke-test.spec.js:58:3 › Critical Navigation Smoke Tests › Critical navigation smoke test - Cross-page consistency 

    Error: expect(locator).toHaveClass(expected) failed

    Locator: locator('.nav-menu')
    Expected pattern: /nav-show/
    Received string:  "nav-menu slds-nav-horizontal universal-nav-menu"
    Timeout: 1000ms

    Call log:
      - Expect "toHaveClass" with timeout 1000ms
      - waiting for locator('.nav-menu')
        5 × locator resolved to <ul id="main-nav" class="nav-menu slds-nav-horizontal universal-nav-menu">…</ul>
          - unexpected value "nav-menu slds-nav-horizontal universal-nav-menu"


      70 |       // Quick toggle test
      71 |       await mobileToggle.click();
    > 72 |       await expect(navMenu).toHaveClass(/nav-show/, { timeout: 1000 });
         |                             ^
      73 |       
      74 |       // Close for next iteration
      75 |       await mobileToggle.click();
        at C:\Users\luetk\Desktop\Website\Website Next Version\tools\testing\tests\critical-navigation-smoke-test.spec.js:72:29

    attachment #1: screenshot (image/png) ──────────────────────────────────────────────────────────
    ..\..\..\test-results\critical-navigation-smoke--96bc4-st---Cross-page-consistency-chromium-desktop\test-failed-1.png
    ────────────────────────────────────────────────────────────────────────────────────────────────

    attachment #2: video (video/webm) ──────────────────────────────────────────────────────────────
    ..\..\..\test-results\critical-navigation-smoke--96bc4-st---Cross-page-consistency-chromium-desktop\video.webm
    ────────────────────────────────────────────────────────────────────────────────────────────────

    Error Context: ..\..\..\test-results\critical-navigation-smoke--96bc4-st---Cross-page-consistency-chromium-desktop\error-context.md
]]>
</failure>
<system-out>
<![CDATA[
[[ATTACHMENT|..\..\..\test-results\critical-navigation-smoke--96bc4-st---Cross-page-consistency-chromium-desktop\test-failed-1.png]]

[[ATTACHMENT|..\..\..\test-results\critical-navigation-smoke--96bc4-st---Cross-page-consistency-chromium-desktop\video.webm]]

[[ATTACHMENT|..\..\..\test-results\critical-navigation-smoke--96bc4-st---Cross-page-consistency-chromium-desktop\error-context.md]]
]]>
</system-out>
</testcase>
<testcase name="Critical Navigation Smoke Tests › Critical navigation smoke test - Accessibility basics" classname="critical-navigation-smoke-test.spec.js" time="10.692">
<failure message="critical-navigation-smoke-test.spec.js:82:3 Critical navigation smoke test - Accessibility basics" type="FAILURE">
<![CDATA[  [chromium-desktop] › critical-navigation-smoke-test.spec.js:82:3 › Critical Navigation Smoke Tests › Critical navigation smoke test - Accessibility basics 

    Error: expect(locator).toHaveAttribute() failed

    Locator:  locator('.nav-menu')
    Expected: have attribute
    Received: attribute not present
    Timeout:  5000ms

    Call log:
      - Expect "toHaveAttribute" with timeout 5000ms
      - waiting for locator('.nav-menu')
        8 × locator resolved to <ul id="main-nav" class="nav-menu slds-nav-horizontal universal-nav-menu">…</ul>
          - unexpected value "attribute not present"


      89 |     await expect(mobileToggle).toHaveAttribute('aria-expanded');
      90 |     await expect(mobileToggle).toHaveAttribute('aria-controls');
    > 91 |     await expect(navMenu).toHaveAttribute('aria-hidden');
         |                           ^
      92 |     
      93 |     // Keyboard navigation must work
      94 |     await page.keyboard.press('Tab'); // Focus the toggle
        at C:\Users\luetk\Desktop\Website\Website Next Version\tools\testing\tests\critical-navigation-smoke-test.spec.js:91:27

    attachment #1: screenshot (image/png) ──────────────────────────────────────────────────────────
    ..\..\..\test-results\critical-navigation-smoke--54e6f-test---Accessibility-basics-chromium-desktop\test-failed-1.png
    ────────────────────────────────────────────────────────────────────────────────────────────────

    attachment #2: video (video/webm) ──────────────────────────────────────────────────────────────
    ..\..\..\test-results\critical-navigation-smoke--54e6f-test---Accessibility-basics-chromium-desktop\video.webm
    ────────────────────────────────────────────────────────────────────────────────────────────────

    Error Context: ..\..\..\test-results\critical-navigation-smoke--54e6f-test---Accessibility-basics-chromium-desktop\error-context.md
]]>
</failure>
<system-out>
<![CDATA[
[[ATTACHMENT|..\..\..\test-results\critical-navigation-smoke--54e6f-test---Accessibility-basics-chromium-desktop\test-failed-1.png]]

[[ATTACHMENT|..\..\..\test-results\critical-navigation-smoke--54e6f-test---Accessibility-basics-chromium-desktop\video.webm]]

[[ATTACHMENT|..\..\..\test-results\critical-navigation-smoke--54e6f-test---Accessibility-basics-chromium-desktop\error-context.md]]
]]>
</system-out>
</testcase>
</testsuite>
<testsuite name="mobile-navigation-fixed.spec.js" timestamp="2025-08-23T08:39:36.066Z" hostname="chromium-desktop" tests="8" failures="2" skipped="0" time="35.137" errors="0">
<testcase name="BASELINE VALIDATION - Mobile Navigation Safety › Mobile navigation works on /" classname="mobile-navigation-fixed.spec.js" time="6.057">
</testcase>
<testcase name="BASELINE VALIDATION - Mobile Navigation Safety › Mobile navigation works on /services.html" classname="mobile-navigation-fixed.spec.js" time="1.688">
</testcase>
<testcase name="BASELINE VALIDATION - Mobile Navigation Safety › Mobile navigation works on /about.html" classname="mobile-navigation-fixed.spec.js" time="3.169">
</testcase>
<testcase name="BASELINE VALIDATION - Mobile Navigation Safety › Mobile navigation works on /impact.html" classname="mobile-navigation-fixed.spec.js" time="4.199">
</testcase>
<testcase name="BASELINE VALIDATION - Mobile Navigation Safety › Mobile navigation works on /contact.html" classname="mobile-navigation-fixed.spec.js" time="2.423">
</testcase>
<testcase name="BASELINE VALIDATION - Mobile Navigation Safety › Mobile navigation works on /resources.html" classname="mobile-navigation-fixed.spec.js" time="3.313">
</testcase>
<testcase name="BASELINE VALIDATION - Mobile Navigation Safety › Mobile navigation keyboard accessibility" classname="mobile-navigation-fixed.spec.js" time="9.221">
<failure message="mobile-navigation-fixed.spec.js:57:3 Mobile navigation keyboard accessibility" type="FAILURE">
<![CDATA[  [chromium-desktop] › mobile-navigation-fixed.spec.js:57:3 › BASELINE VALIDATION - Mobile Navigation Safety › Mobile navigation keyboard accessibility 

    Error: expect(locator).toBeFocused() failed

    Locator:  locator('.mobile-nav-toggle')
    Expected: focused
    Received: inactive
    Timeout:  5000ms

    Call log:
      - Expect "toBeFocused" with timeout 5000ms
      - waiting for locator('.mobile-nav-toggle')
        8 × locator resolved to <button aria-expanded="false" aria-controls="main-nav" class="mobile-nav-toggle" aria-label="Toggle navigation menu">…</button>
          - unexpected value "inactive"


      63 |     // Tab to toggle button
      64 |     await page.keyboard.press('Tab');
    > 65 |     await expect(mobileToggle).toBeFocused();
         |                                ^
      66 |     
      67 |     // Press Enter to open
      68 |     await page.keyboard.press('Enter');
        at C:\Users\luetk\Desktop\Website\Website Next Version\tools\testing\tests\mobile-navigation-fixed.spec.js:65:32

    attachment #1: screenshot (image/png) ──────────────────────────────────────────────────────────
    ..\..\..\test-results\mobile-navigation-fixed-BA-41bca-tion-keyboard-accessibility-chromium-desktop\test-failed-1.png
    ────────────────────────────────────────────────────────────────────────────────────────────────

    attachment #2: video (video/webm) ──────────────────────────────────────────────────────────────
    ..\..\..\test-results\mobile-navigation-fixed-BA-41bca-tion-keyboard-accessibility-chromium-desktop\video.webm
    ────────────────────────────────────────────────────────────────────────────────────────────────

    Error Context: ..\..\..\test-results\mobile-navigation-fixed-BA-41bca-tion-keyboard-accessibility-chromium-desktop\error-context.md
]]>
</failure>
<system-out>
<![CDATA[
[[ATTACHMENT|..\..\..\test-results\mobile-navigation-fixed-BA-41bca-tion-keyboard-accessibility-chromium-desktop\test-failed-1.png]]

[[ATTACHMENT|..\..\..\test-results\mobile-navigation-fixed-BA-41bca-tion-keyboard-accessibility-chromium-desktop\video.webm]]

[[ATTACHMENT|..\..\..\test-results\mobile-navigation-fixed-BA-41bca-tion-keyboard-accessibility-chromium-desktop\error-context.md]]
]]>
</system-out>
</testcase>
<testcase name="BASELINE VALIDATION - Mobile Navigation Safety › Mobile navigation performance timing" classname="mobile-navigation-fixed.spec.js" time="5.067">
<failure message="mobile-navigation-fixed.spec.js:76:3 Mobile navigation performance timing" type="FAILURE">
<![CDATA[  [chromium-desktop] › mobile-navigation-fixed.spec.js:76:3 › BASELINE VALIDATION - Mobile Navigation Safety › Mobile navigation performance timing 

    Error: expect(received).toBeLessThan(expected)

    Expected: < 300
    Received:   922

      87 |     
      88 |     // Must complete in under 300ms
    > 89 |     expect(duration).toBeLessThan(300);
         |                      ^
      90 |     console.log(`Mobile navigation toggle: ${duration}ms`);
      91 |   });
      92 | });
        at C:\Users\luetk\Desktop\Website\Website Next Version\tools\testing\tests\mobile-navigation-fixed.spec.js:89:22

    attachment #1: screenshot (image/png) ──────────────────────────────────────────────────────────
    ..\..\..\test-results\mobile-navigation-fixed-BA-48775-vigation-performance-timing-chromium-desktop\test-failed-1.png
    ────────────────────────────────────────────────────────────────────────────────────────────────

    attachment #2: video (video/webm) ──────────────────────────────────────────────────────────────
    ..\..\..\test-results\mobile-navigation-fixed-BA-48775-vigation-performance-timing-chromium-desktop\video.webm
    ────────────────────────────────────────────────────────────────────────────────────────────────

    Error Context: ..\..\..\test-results\mobile-navigation-fixed-BA-48775-vigation-performance-timing-chromium-desktop\error-context.md
]]>
</failure>
<system-out>
<![CDATA[
[[ATTACHMENT|..\..\..\test-results\mobile-navigation-fixed-BA-48775-vigation-performance-timing-chromium-desktop\test-failed-1.png]]

[[ATTACHMENT|..\..\..\test-results\mobile-navigation-fixed-BA-48775-vigation-performance-timing-chromium-desktop\video.webm]]

[[ATTACHMENT|..\..\..\test-results\mobile-navigation-fixed-BA-48775-vigation-performance-timing-chromium-desktop\error-context.md]]
]]>
</system-out>
</testcase>
</testsuite>
<testsuite name="mobile-navigation.spec.js" timestamp="2025-08-23T08:39:36.066Z" hostname="chromium-desktop" tests="14" failures="2" skipped="2" time="54.078" errors="0">
<testcase name="Mobile Navigation Critical Safety Tests › Mobile navigation toggle works on /" classname="mobile-navigation.spec.js" time="5.647">
</testcase>
<testcase name="Mobile Navigation Critical Safety Tests › Mobile navigation toggle works on /services.html" classname="mobile-navigation.spec.js" time="3.302">
</testcase>
<testcase name="Mobile Navigation Critical Safety Tests › Mobile navigation toggle works on /about.html" classname="mobile-navigation.spec.js" time="3.338">
</testcase>
<testcase name="Mobile Navigation Critical Safety Tests › Mobile navigation toggle works on /impact.html" classname="mobile-navigation.spec.js" time="2.161">
</testcase>
<testcase name="Mobile Navigation Critical Safety Tests › Mobile navigation toggle works on /contact.html" classname="mobile-navigation.spec.js" time="2.234">
</testcase>
<testcase name="Mobile Navigation Critical Safety Tests › Mobile navigation toggle works on /resources.html" classname="mobile-navigation.spec.js" time="2.214">
</testcase>
<testcase name="Mobile Navigation Critical Safety Tests › Mobile navigation accessibility - keyboard support" classname="mobile-navigation.spec.js" time="3.944">
</testcase>
<testcase name="Mobile Navigation Critical Safety Tests › Mobile navigation visual consistency across pages" classname="mobile-navigation.spec.js" time="5.348">
</testcase>
<testcase name="Mobile Navigation Critical Safety Tests › Mobile navigation preserves premium effects" classname="mobile-navigation.spec.js" time="3.999">
<system-out>
<![CDATA[Navigation styles: {
  backdropFilter: [32m'blur(10px)'[39m,
  background: [32m'rgba(22, 50, 92, 0.95) none repeat scroll 0% 0% / auto padding-box border-box'[39m
}
]]>
</system-out>
</testcase>
<testcase name="Mobile Navigation Critical Safety Tests › Mobile navigation performance - toggle speed" classname="mobile-navigation.spec.js" time="3.102">
<system-out>
<![CDATA[Mobile navigation toggle completed in 139ms
]]>
</system-out>
</testcase>
<testcase name="Cross-Browser Mobile Navigation Tests › Mobile navigation works in Firefox mobile" classname="mobile-navigation.spec.js" time="0.624">
<properties>
<property name="skip" value="Firefox-specific test">
</property>
</properties>
<skipped>
</skipped>
</testcase>
<testcase name="Cross-Browser Mobile Navigation Tests › Mobile navigation works in WebKit mobile" classname="mobile-navigation.spec.js" time="0.542">
<properties>
<property name="skip" value="WebKit-specific test">
</property>
</properties>
<skipped>
</skipped>
</testcase>
<testcase name="Security Headers Validation › Content Security Policy headers are present" classname="mobile-navigation.spec.js" time="9.151">
<failure message="mobile-navigation.spec.js:185:3 Content Security Policy headers are present" type="FAILURE">
<![CDATA[  [chromium-desktop] › mobile-navigation.spec.js:185:3 › Security Headers Validation › Content Security Policy headers are present 

    Error: expect(locator).toBeVisible() failed

    Locator:  locator('meta[http-equiv="Content-Security-Policy"]')
    Expected: visible
    Received: hidden
    Timeout:  5000ms

    Call log:
      - Expect "toBeVisible" with timeout 5000ms
      - waiting for locator('meta[http-equiv="Content-Security-Policy"]')
        8 × locator resolved to <meta http-equiv="Content-Security-Policy" content="default-src 'self'; script-src 'self' 'unsafe-inline'; style-src 'self' 'unsafe-inline' https://cdnjs.cloudflare.com https://fonts.googleapis.com; font-src https://fonts.gstatic.com; img-src 'self' data:; connect-src 'self'; frame-ancestors 'none'; base-uri 'self'; form-action 'self';"/>
          - unexpected value "hidden"


      188 |     // Check that CSP meta tag is in the HTML
      189 |     const cspMeta = page.locator('meta[http-equiv="Content-Security-Policy"]');
    > 190 |     await expect(cspMeta).toBeVisible();
          |                           ^
      191 |     
      192 |     // Verify CSP content includes required directives
      193 |     const cspContent = await cspMeta.getAttribute('content');
        at C:\Users\luetk\Desktop\Website\Website Next Version\tools\testing\tests\mobile-navigation.spec.js:190:27

    attachment #1: screenshot (image/png) ──────────────────────────────────────────────────────────
    ..\..\..\test-results\mobile-navigation-Security-1eb5e--Policy-headers-are-present-chromium-desktop\test-failed-1.png
    ────────────────────────────────────────────────────────────────────────────────────────────────

    attachment #2: video (video/webm) ──────────────────────────────────────────────────────────────
    ..\..\..\test-results\mobile-navigation-Security-1eb5e--Policy-headers-are-present-chromium-desktop\video.webm
    ────────────────────────────────────────────────────────────────────────────────────────────────

    Error Context: ..\..\..\test-results\mobile-navigation-Security-1eb5e--Policy-headers-are-present-chromium-desktop\error-context.md
]]>
</failure>
<system-out>
<![CDATA[
[[ATTACHMENT|..\..\..\test-results\mobile-navigation-Security-1eb5e--Policy-headers-are-present-chromium-desktop\test-failed-1.png]]

[[ATTACHMENT|..\..\..\test-results\mobile-navigation-Security-1eb5e--Policy-headers-are-present-chromium-desktop\video.webm]]

[[ATTACHMENT|..\..\..\test-results\mobile-navigation-Security-1eb5e--Policy-headers-are-present-chromium-desktop\error-context.md]]
]]>
</system-out>
</testcase>
<testcase name="Security Headers Validation › Security meta tags are present on all pages" classname="mobile-navigation.spec.js" time="8.472">
<failure message="mobile-navigation.spec.js:198:3 Security meta tags are present on all pages" type="FAILURE">
<![CDATA[  [chromium-desktop] › mobile-navigation.spec.js:198:3 › Security Headers Validation › Security meta tags are present on all pages 

    Error: expect(locator).toBeVisible() failed

    Locator:  locator('meta[http-equiv="X-Content-Type-Options"]')
    Expected: visible
    Received: hidden
    Timeout:  5000ms

    Call log:
      - Expect "toBeVisible" with timeout 5000ms
      - waiting for locator('meta[http-equiv="X-Content-Type-Options"]')
        8 × locator resolved to <meta content="nosniff" http-equiv="X-Content-Type-Options"/>
          - unexpected value "hidden"


      201 |       
      202 |       // Check for all required security meta tags
    > 203 |       await expect(page.locator('meta[http-equiv="X-Content-Type-Options"]')).toBeVisible();
          |                                                                               ^
      204 |       await expect(page.locator('meta[http-equiv="X-Frame-Options"]')).toBeVisible();
      205 |       await expect(page.locator('meta[http-equiv="X-XSS-Protection"]')).toBeVisible();
      206 |       await expect(page.locator('meta[name="referrer"]')).toBeVisible();
        at C:\Users\luetk\Desktop\Website\Website Next Version\tools\testing\tests\mobile-navigation.spec.js:203:79

    attachment #1: screenshot (image/png) ──────────────────────────────────────────────────────────
    ..\..\..\test-results\mobile-navigation-Security-4d1e5-gs-are-present-on-all-pages-chromium-desktop\test-failed-1.png
    ────────────────────────────────────────────────────────────────────────────────────────────────

    attachment #2: video (video/webm) ──────────────────────────────────────────────────────────────
    ..\..\..\test-results\mobile-navigation-Security-4d1e5-gs-are-present-on-all-pages-chromium-desktop\video.webm
    ────────────────────────────────────────────────────────────────────────────────────────────────

    Error Context: ..\..\..\test-results\mobile-navigation-Security-4d1e5-gs-are-present-on-all-pages-chromium-desktop\error-context.md
]]>
</failure>
<system-out>
<![CDATA[
[[ATTACHMENT|..\..\..\test-results\mobile-navigation-Security-4d1e5-gs-are-present-on-all-pages-chromium-desktop\test-failed-1.png]]

[[ATTACHMENT|..\..\..\test-results\mobile-navigation-Security-4d1e5-gs-are-present-on-all-pages-chromium-desktop\video.webm]]

[[ATTACHMENT|..\..\..\test-results\mobile-navigation-Security-4d1e5-gs-are-present-on-all-pages-chromium-desktop\error-context.md]]
]]>
</system-out>
</testcase>
</testsuite>
<testsuite name="phase3-comprehensive-validation.spec.js" timestamp="2025-08-23T08:39:36.066Z" hostname="chromium-desktop" tests="73" failures="11" skipped="21" time="377.948" errors="0">
<testcase name="Phase 3: Cross-Page Mobile Navigation Validation › Functional Testing - All Pages › Home Page Navigation Tests › should load unified CSS and JavaScript correctly on Home" classname="phase3-comprehensive-validation.spec.js" time="4.452">
</testcase>
<testcase name="Phase 3: Cross-Page Mobile Navigation Validation › Functional Testing - All Pages › Home Page Navigation Tests › should display mobile hamburger button on Home" classname="phase3-comprehensive-validation.spec.js" time="4.278">
</testcase>
<testcase name="Phase 3: Cross-Page Mobile Navigation Validation › Functional Testing - All Pages › Home Page Navigation Tests › should open mobile navigation menu correctly on Home" classname="phase3-comprehensive-validation.spec.js" time="5.777">
</testcase>
<testcase name="Phase 3: Cross-Page Mobile Navigation Validation › Functional Testing - All Pages › Home Page Navigation Tests › should display all 6 navigation links without scrolling on Home" classname="phase3-comprehensive-validation.spec.js" time="6.734">
</testcase>
<testcase name="Phase 3: Cross-Page Mobile Navigation Validation › Functional Testing - All Pages › Home Page Navigation Tests › should close mobile menu with outside click on Home" classname="phase3-comprehensive-validation.spec.js" time="4.404">
</testcase>
<testcase name="Phase 3: Cross-Page Mobile Navigation Validation › Functional Testing - All Pages › Home Page Navigation Tests › should close mobile menu with Escape key on Home" classname="phase3-comprehensive-validation.spec.js" time="6.876">
</testcase>
<testcase name="Phase 3: Cross-Page Mobile Navigation Validation › Functional Testing - All Pages › Home Page Navigation Tests › should highlight current page in navigation on Home" classname="phase3-comprehensive-validation.spec.js" time="3.039">
</testcase>
<testcase name="Phase 3: Cross-Page Mobile Navigation Validation › Functional Testing - All Pages › Services Page Navigation Tests › should load unified CSS and JavaScript correctly on Services" classname="phase3-comprehensive-validation.spec.js" time="1.767">
</testcase>
<testcase name="Phase 3: Cross-Page Mobile Navigation Validation › Functional Testing - All Pages › Services Page Navigation Tests › should display mobile hamburger button on Services" classname="phase3-comprehensive-validation.spec.js" time="4.484">
</testcase>
<testcase name="Phase 3: Cross-Page Mobile Navigation Validation › Functional Testing - All Pages › Services Page Navigation Tests › should open mobile navigation menu correctly on Services" classname="phase3-comprehensive-validation.spec.js" time="5.773">
</testcase>
<testcase name="Phase 3: Cross-Page Mobile Navigation Validation › Functional Testing - All Pages › Services Page Navigation Tests › should display all 6 navigation links without scrolling on Services" classname="phase3-comprehensive-validation.spec.js" time="2.629">
</testcase>
<testcase name="Phase 3: Cross-Page Mobile Navigation Validation › Functional Testing - All Pages › Services Page Navigation Tests › should close mobile menu with outside click on Services" classname="phase3-comprehensive-validation.spec.js" time="3.369">
</testcase>
<testcase name="Phase 3: Cross-Page Mobile Navigation Validation › Functional Testing - All Pages › Services Page Navigation Tests › should close mobile menu with Escape key on Services" classname="phase3-comprehensive-validation.spec.js" time="2.843">
</testcase>
<testcase name="Phase 3: Cross-Page Mobile Navigation Validation › Functional Testing - All Pages › Services Page Navigation Tests › should highlight current page in navigation on Services" classname="phase3-comprehensive-validation.spec.js" time="3.044">
</testcase>
<testcase name="Phase 3: Cross-Page Mobile Navigation Validation › Functional Testing - All Pages › Resources Page Navigation Tests › should load unified CSS and JavaScript correctly on Resources" classname="phase3-comprehensive-validation.spec.js" time="8.917">
</testcase>
<testcase name="Phase 3: Cross-Page Mobile Navigation Validation › Functional Testing - All Pages › Resources Page Navigation Tests › should display mobile hamburger button on Resources" classname="phase3-comprehensive-validation.spec.js" time="6.822">
</testcase>
<testcase name="Phase 3: Cross-Page Mobile Navigation Validation › Functional Testing - All Pages › Resources Page Navigation Tests › should open mobile navigation menu correctly on Resources" classname="phase3-comprehensive-validation.spec.js" time="2.551">
</testcase>
<testcase name="Phase 3: Cross-Page Mobile Navigation Validation › Functional Testing - All Pages › Resources Page Navigation Tests › should display all 6 navigation links without scrolling on Resources" classname="phase3-comprehensive-validation.spec.js" time="4.494">
</testcase>
<testcase name="Phase 3: Cross-Page Mobile Navigation Validation › Functional Testing - All Pages › Resources Page Navigation Tests › should close mobile menu with outside click on Resources" classname="phase3-comprehensive-validation.spec.js" time="30.018">
<failure message="phase3-comprehensive-validation.spec.js:128:9 should close mobile menu with outside click on Resources" type="FAILURE">
<![CDATA[  [chromium-desktop] › phase3-comprehensive-validation.spec.js:128:9 › Phase 3: Cross-Page Mobile Navigation Validation › Functional Testing - All Pages › Resources Page Navigation Tests › should close mobile menu with outside click on Resources 

    Test timeout of 30000ms exceeded while running "beforeEach" hook.

      53 |       test.describe(`${page.name} Page Navigation Tests`, () => {
      54 |         
    > 55 |         test.beforeEach(async ({ page: testPage }) => {
         |              ^
      56 |           await testPage.goto(page.url);
      57 |           await testPage.waitForLoadState('networkidle');
      58 |         });
        at C:\Users\luetk\Desktop\Website\Website Next Version\tools\testing\tests\phase3-comprehensive-validation.spec.js:55:14

    Error: browserContext.newPage: Test timeout of 30000ms exceeded.
]]>
</failure>
<system-out>
<![CDATA[
============================================================
PHASE 3 COMPREHENSIVE VALIDATION COMPLETE
============================================================
Test Coverage:
✓ Functional testing across all 6 pages
✓ Cross-page consistency validation
✓ Accessibility compliance verification (WCAG 2.1 AA)
✓ Performance budget compliance confirmation
✓ Cross-browser compatibility validation
✓ Production readiness assessment
============================================================
]]>
</system-out>
</testcase>
<testcase name="Phase 3: Cross-Page Mobile Navigation Validation › Functional Testing - All Pages › Resources Page Navigation Tests › should close mobile menu with Escape key on Resources" classname="phase3-comprehensive-validation.spec.js" time="3.479">
</testcase>
<testcase name="Phase 3: Cross-Page Mobile Navigation Validation › Functional Testing - All Pages › Resources Page Navigation Tests › should highlight current page in navigation on Resources" classname="phase3-comprehensive-validation.spec.js" time="3.351">
</testcase>
<testcase name="Phase 3: Cross-Page Mobile Navigation Validation › Functional Testing - All Pages › Impact Page Navigation Tests › should load unified CSS and JavaScript correctly on Impact" classname="phase3-comprehensive-validation.spec.js" time="4.232">
</testcase>
<testcase name="Phase 3: Cross-Page Mobile Navigation Validation › Functional Testing - All Pages › Impact Page Navigation Tests › should display mobile hamburger button on Impact" classname="phase3-comprehensive-validation.spec.js" time="2.58">
</testcase>
<testcase name="Phase 3: Cross-Page Mobile Navigation Validation › Functional Testing - All Pages › Impact Page Navigation Tests › should open mobile navigation menu correctly on Impact" classname="phase3-comprehensive-validation.spec.js" time="5.132">
</testcase>
<testcase name="Phase 3: Cross-Page Mobile Navigation Validation › Functional Testing - All Pages › Impact Page Navigation Tests › should display all 6 navigation links without scrolling on Impact" classname="phase3-comprehensive-validation.spec.js" time="3.265">
</testcase>
<testcase name="Phase 3: Cross-Page Mobile Navigation Validation › Functional Testing - All Pages › Impact Page Navigation Tests › should close mobile menu with outside click on Impact" classname="phase3-comprehensive-validation.spec.js" time="8.911">
</testcase>
<testcase name="Phase 3: Cross-Page Mobile Navigation Validation › Functional Testing - All Pages › Impact Page Navigation Tests › should close mobile menu with Escape key on Impact" classname="phase3-comprehensive-validation.spec.js" time="2.391">
</testcase>
<testcase name="Phase 3: Cross-Page Mobile Navigation Validation › Functional Testing - All Pages › Impact Page Navigation Tests › should highlight current page in navigation on Impact" classname="phase3-comprehensive-validation.spec.js" time="2.162">
</testcase>
<testcase name="Phase 3: Cross-Page Mobile Navigation Validation › Functional Testing - All Pages › Contact Page Navigation Tests › should load unified CSS and JavaScript correctly on Contact" classname="phase3-comprehensive-validation.spec.js" time="3.149">
</testcase>
<testcase name="Phase 3: Cross-Page Mobile Navigation Validation › Functional Testing - All Pages › Contact Page Navigation Tests › should display mobile hamburger button on Contact" classname="phase3-comprehensive-validation.spec.js" time="1.508">
</testcase>
<testcase name="Phase 3: Cross-Page Mobile Navigation Validation › Functional Testing - All Pages › Contact Page Navigation Tests › should open mobile navigation menu correctly on Contact" classname="phase3-comprehensive-validation.spec.js" time="8.98">
<failure message="phase3-comprehensive-validation.spec.js:88:9 should open mobile navigation menu correctly on Contact" type="FAILURE">
<![CDATA[  [chromium-desktop] › phase3-comprehensive-validation.spec.js:88:9 › Phase 3: Cross-Page Mobile Navigation Validation › Functional Testing - All Pages › Contact Page Navigation Tests › should open mobile navigation menu correctly on Contact 

    Error: expect(locator).toHaveClass(expected) failed

    Locator: locator('.nav-menu')
    Expected pattern: /nav-show/
    Received string:  "nav-menu slds-nav-horizontal universal-nav-menu"
    Timeout: 5000ms

    Call log:
      - Expect "toHaveClass" with timeout 5000ms
      - waiting for locator('.nav-menu')
        8 × locator resolved to <ul id="main-nav" class="nav-menu slds-nav-horizontal universal-nav-menu">…</ul>
          - unexpected value "nav-menu slds-nav-horizontal universal-nav-menu"


       99 |           
      100 |           // Menu should now be visible with nav-show class
    > 101 |           await expect(navMenu).toHaveClass(/nav-show/);
          |                                 ^
      102 |           
      103 |           // ARIA attributes should update
      104 |           await expect(mobileToggle).toHaveAttribute('aria-expanded', 'true');
        at C:\Users\luetk\Desktop\Website\Website Next Version\tools\testing\tests\phase3-comprehensive-validation.spec.js:101:33

    attachment #1: screenshot (image/png) ──────────────────────────────────────────────────────────
    ..\..\..\test-results\phase3-comprehensive-valid-7f7ee-n-menu-correctly-on-Contact-chromium-desktop\test-failed-1.png
    ────────────────────────────────────────────────────────────────────────────────────────────────

    attachment #2: video (video/webm) ──────────────────────────────────────────────────────────────
    ..\..\..\test-results\phase3-comprehensive-valid-7f7ee-n-menu-correctly-on-Contact-chromium-desktop\video.webm
    ────────────────────────────────────────────────────────────────────────────────────────────────

    Error Context: ..\..\..\test-results\phase3-comprehensive-valid-7f7ee-n-menu-correctly-on-Contact-chromium-desktop\error-context.md
]]>
</failure>
<system-out>
<![CDATA[
============================================================
PHASE 3 COMPREHENSIVE VALIDATION COMPLETE
============================================================
Test Coverage:
✓ Functional testing across all 6 pages
✓ Cross-page consistency validation
✓ Accessibility compliance verification (WCAG 2.1 AA)
✓ Performance budget compliance confirmation
✓ Cross-browser compatibility validation
✓ Production readiness assessment
============================================================

[[ATTACHMENT|..\..\..\test-results\phase3-comprehensive-valid-7f7ee-n-menu-correctly-on-Contact-chromium-desktop\test-failed-1.png]]

[[ATTACHMENT|..\..\..\test-results\phase3-comprehensive-valid-7f7ee-n-menu-correctly-on-Contact-chromium-desktop\video.webm]]

[[ATTACHMENT|..\..\..\test-results\phase3-comprehensive-valid-7f7ee-n-menu-correctly-on-Contact-chromium-desktop\error-context.md]]
]]>
</system-out>
</testcase>
<testcase name="Phase 3: Cross-Page Mobile Navigation Validation › Functional Testing - All Pages › Contact Page Navigation Tests › should display all 6 navigation links without scrolling on Contact" classname="phase3-comprehensive-validation.spec.js" time="11.627">
</testcase>
<testcase name="Phase 3: Cross-Page Mobile Navigation Validation › Functional Testing - All Pages › Contact Page Navigation Tests › should close mobile menu with outside click on Contact" classname="phase3-comprehensive-validation.spec.js" time="5.452">
</testcase>
<testcase name="Phase 3: Cross-Page Mobile Navigation Validation › Functional Testing - All Pages › Contact Page Navigation Tests › should close mobile menu with Escape key on Contact" classname="phase3-comprehensive-validation.spec.js" time="2.731">
</testcase>
<testcase name="Phase 3: Cross-Page Mobile Navigation Validation › Functional Testing - All Pages › Contact Page Navigation Tests › should highlight current page in navigation on Contact" classname="phase3-comprehensive-validation.spec.js" time="4.425">
</testcase>
<testcase name="Phase 3: Cross-Page Mobile Navigation Validation › Functional Testing - All Pages › About Page Navigation Tests › should load unified CSS and JavaScript correctly on About" classname="phase3-comprehensive-validation.spec.js" time="30.026">
<failure message="phase3-comprehensive-validation.spec.js:60:9 should load unified CSS and JavaScript correctly on About" type="FAILURE">
<![CDATA[  [chromium-desktop] › phase3-comprehensive-validation.spec.js:60:9 › Phase 3: Cross-Page Mobile Navigation Validation › Functional Testing - All Pages › About Page Navigation Tests › should load unified CSS and JavaScript correctly on About 

    Test timeout of 30000ms exceeded while running "beforeEach" hook.

      53 |       test.describe(`${page.name} Page Navigation Tests`, () => {
      54 |         
    > 55 |         test.beforeEach(async ({ page: testPage }) => {
         |              ^
      56 |           await testPage.goto(page.url);
      57 |           await testPage.waitForLoadState('networkidle');
      58 |         });
        at C:\Users\luetk\Desktop\Website\Website Next Version\tools\testing\tests\phase3-comprehensive-validation.spec.js:55:14

    Error: browserContext.newPage: Test timeout of 30000ms exceeded.
]]>
</failure>
<system-out>
<![CDATA[
============================================================
PHASE 3 COMPREHENSIVE VALIDATION COMPLETE
============================================================
Test Coverage:
✓ Functional testing across all 6 pages
✓ Cross-page consistency validation
✓ Accessibility compliance verification (WCAG 2.1 AA)
✓ Performance budget compliance confirmation
✓ Cross-browser compatibility validation
✓ Production readiness assessment
============================================================
]]>
</system-out>
</testcase>
<testcase name="Phase 3: Cross-Page Mobile Navigation Validation › Functional Testing - All Pages › About Page Navigation Tests › should display mobile hamburger button on About" classname="phase3-comprehensive-validation.spec.js" time="0">
<failure message="phase3-comprehensive-validation.spec.js:74:9 should display mobile hamburger button on About" type="FAILURE">
<![CDATA[  [chromium-desktop] › phase3-comprehensive-validation.spec.js:74:9 › Phase 3: Cross-Page Mobile Navigation Validation › Functional Testing - All Pages › About Page Navigation Tests › should display mobile hamburger button on About 

    Error: worker process exited unexpectedly (code=3221225794, signal=null)
]]>
</failure>
</testcase>
<testcase name="Phase 3: Cross-Page Mobile Navigation Validation › Functional Testing - All Pages › About Page Navigation Tests › should open mobile navigation menu correctly on About" classname="phase3-comprehensive-validation.spec.js" time="0">
<skipped>
</skipped>
</testcase>
<testcase name="Phase 3: Cross-Page Mobile Navigation Validation › Functional Testing - All Pages › About Page Navigation Tests › should display all 6 navigation links without scrolling on About" classname="phase3-comprehensive-validation.spec.js" time="8.086">
</testcase>
<testcase name="Phase 3: Cross-Page Mobile Navigation Validation › Functional Testing - All Pages › About Page Navigation Tests › should close mobile menu with outside click on About" classname="phase3-comprehensive-validation.spec.js" time="7.474">
</testcase>
<testcase name="Phase 3: Cross-Page Mobile Navigation Validation › Functional Testing - All Pages › About Page Navigation Tests › should close mobile menu with Escape key on About" classname="phase3-comprehensive-validation.spec.js" time="3.955">
</testcase>
<testcase name="Phase 3: Cross-Page Mobile Navigation Validation › Functional Testing - All Pages › About Page Navigation Tests › should highlight current page in navigation on About" classname="phase3-comprehensive-validation.spec.js" time="2.813">
</testcase>
<testcase name="Phase 3: Cross-Page Mobile Navigation Validation › Cross-Page Consistency Validation › should have identical navigation behavior across all pages" classname="phase3-comprehensive-validation.spec.js" time="33.864">
<failure message="phase3-comprehensive-validation.spec.js:189:5 should have identical navigation behavior across all pages" type="FAILURE">
<![CDATA[  [chromium-desktop] › phase3-comprehensive-validation.spec.js:189:5 › Phase 3: Cross-Page Mobile Navigation Validation › Cross-Page Consistency Validation › should have identical navigation behavior across all pages 

    Test timeout of 30000ms exceeded.

    Error: page.waitForSelector: Test timeout of 30000ms exceeded.
    Call log:
      - waiting for locator('.nav-menu:not(.nav-show)') to be visible
        50 × locator resolved to hidden <ul id="main-nav" aria-hidden="true" class="nav-menu slds-nav-horizontal universal-nav-menu">…</ul>


      210 |         const closeStartTime = Date.now();
      211 |         await page.click('body', { position: { x: 50, y: 50 } });
    > 212 |         await page.waitForSelector('.nav-menu:not(.nav-show)');
          |                    ^
      213 |         const closeTime = Date.now() - closeStartTime;
      214 |         
      215 |         behaviorResults.push({
        at C:\Users\luetk\Desktop\Website\Website Next Version\tools\testing\tests\phase3-comprehensive-validation.spec.js:212:20

    attachment #1: screenshot (image/png) ──────────────────────────────────────────────────────────
    ..\..\..\test-results\phase3-comprehensive-valid-c6d19-n-behavior-across-all-pages-chromium-desktop\test-failed-1.png
    ────────────────────────────────────────────────────────────────────────────────────────────────

    attachment #2: video (video/webm) ──────────────────────────────────────────────────────────────
    ..\..\..\test-results\phase3-comprehensive-valid-c6d19-n-behavior-across-all-pages-chromium-desktop\video.webm
    ────────────────────────────────────────────────────────────────────────────────────────────────

    Error Context: ..\..\..\test-results\phase3-comprehensive-valid-c6d19-n-behavior-across-all-pages-chromium-desktop\error-context.md
]]>
</failure>
<system-out>
<![CDATA[
============================================================
PHASE 3 COMPREHENSIVE VALIDATION COMPLETE
============================================================
Test Coverage:
✓ Functional testing across all 6 pages
✓ Cross-page consistency validation
✓ Accessibility compliance verification (WCAG 2.1 AA)
✓ Performance budget compliance confirmation
✓ Cross-browser compatibility validation
✓ Production readiness assessment
============================================================

[[ATTACHMENT|..\..\..\test-results\phase3-comprehensive-valid-c6d19-n-behavior-across-all-pages-chromium-desktop\test-failed-1.png]]

[[ATTACHMENT|..\..\..\test-results\phase3-comprehensive-valid-c6d19-n-behavior-across-all-pages-chromium-desktop\video.webm]]

[[ATTACHMENT|..\..\..\test-results\phase3-comprehensive-valid-c6d19-n-behavior-across-all-pages-chromium-desktop\error-context.md]]
]]>
</system-out>
</testcase>
<testcase name="Phase 3: Cross-Page Mobile Navigation Validation › Cross-Page Consistency Validation › should have consistent visual styling across all pages" classname="phase3-comprehensive-validation.spec.js" time="5.048">
</testcase>
<testcase name="Phase 3: Cross-Page Mobile Navigation Validation › Accessibility Compliance (WCAG 2.1 AA) › should meet touch target requirements on Home" classname="phase3-comprehensive-validation.spec.js" time="30.023">
<failure message="phase3-comprehensive-validation.spec.js:273:7 should meet touch target requirements on Home" type="FAILURE">
<![CDATA[  [chromium-desktop] › phase3-comprehensive-validation.spec.js:273:7 › Phase 3: Cross-Page Mobile Navigation Validation › Accessibility Compliance (WCAG 2.1 AA) › should meet touch target requirements on Home 

    Test timeout of 30000ms exceeded while setting up "page".

    Error: browserContext.newPage: Test timeout of 30000ms exceeded.
]]>
</failure>
<system-out>
<![CDATA[
============================================================
PHASE 3 COMPREHENSIVE VALIDATION COMPLETE
============================================================
Test Coverage:
✓ Functional testing across all 6 pages
✓ Cross-page consistency validation
✓ Accessibility compliance verification (WCAG 2.1 AA)
✓ Performance budget compliance confirmation
✓ Cross-browser compatibility validation
✓ Production readiness assessment
============================================================
]]>
</system-out>
</testcase>
<testcase name="Phase 3: Cross-Page Mobile Navigation Validation › Accessibility Compliance (WCAG 2.1 AA) › should have proper focus management on Home" classname="phase3-comprehensive-validation.spec.js" time="0">
<failure message="phase3-comprehensive-validation.spec.js:296:7 should have proper focus management on Home" type="FAILURE">
<![CDATA[  [chromium-desktop] › phase3-comprehensive-validation.spec.js:296:7 › Phase 3: Cross-Page Mobile Navigation Validation › Accessibility Compliance (WCAG 2.1 AA) › should have proper focus management on Home 

    Error: worker process exited unexpectedly (code=3221225794, signal=null)
]]>
</failure>
</testcase>
<testcase name="Phase 3: Cross-Page Mobile Navigation Validation › Accessibility Compliance (WCAG 2.1 AA) › should have proper ARIA attributes on Home" classname="phase3-comprehensive-validation.spec.js" time="0">
<skipped>
</skipped>
</testcase>
<testcase name="Phase 3: Cross-Page Mobile Navigation Validation › Accessibility Compliance (WCAG 2.1 AA) › should meet touch target requirements on Services" classname="phase3-comprehensive-validation.spec.js" time="0">
<skipped>
</skipped>
</testcase>
<testcase name="Phase 3: Cross-Page Mobile Navigation Validation › Accessibility Compliance (WCAG 2.1 AA) › should have proper focus management on Services" classname="phase3-comprehensive-validation.spec.js" time="0">
<skipped>
</skipped>
</testcase>
<testcase name="Phase 3: Cross-Page Mobile Navigation Validation › Accessibility Compliance (WCAG 2.1 AA) › should have proper ARIA attributes on Services" classname="phase3-comprehensive-validation.spec.js" time="0">
<skipped>
</skipped>
</testcase>
<testcase name="Phase 3: Cross-Page Mobile Navigation Validation › Accessibility Compliance (WCAG 2.1 AA) › should meet touch target requirements on Resources" classname="phase3-comprehensive-validation.spec.js" time="0">
<skipped>
</skipped>
</testcase>
<testcase name="Phase 3: Cross-Page Mobile Navigation Validation › Accessibility Compliance (WCAG 2.1 AA) › should have proper focus management on Resources" classname="phase3-comprehensive-validation.spec.js" time="0">
<skipped>
</skipped>
</testcase>
<testcase name="Phase 3: Cross-Page Mobile Navigation Validation › Accessibility Compliance (WCAG 2.1 AA) › should have proper ARIA attributes on Resources" classname="phase3-comprehensive-validation.spec.js" time="0">
<skipped>
</skipped>
</testcase>
<testcase name="Phase 3: Cross-Page Mobile Navigation Validation › Accessibility Compliance (WCAG 2.1 AA) › should meet touch target requirements on Impact" classname="phase3-comprehensive-validation.spec.js" time="0">
<skipped>
</skipped>
</testcase>
<testcase name="Phase 3: Cross-Page Mobile Navigation Validation › Accessibility Compliance (WCAG 2.1 AA) › should have proper focus management on Impact" classname="phase3-comprehensive-validation.spec.js" time="0">
<skipped>
</skipped>
</testcase>
<testcase name="Phase 3: Cross-Page Mobile Navigation Validation › Accessibility Compliance (WCAG 2.1 AA) › should have proper ARIA attributes on Impact" classname="phase3-comprehensive-validation.spec.js" time="0">
<skipped>
</skipped>
</testcase>
<testcase name="Phase 3: Cross-Page Mobile Navigation Validation › Accessibility Compliance (WCAG 2.1 AA) › should meet touch target requirements on Contact" classname="phase3-comprehensive-validation.spec.js" time="0">
<skipped>
</skipped>
</testcase>
<testcase name="Phase 3: Cross-Page Mobile Navigation Validation › Accessibility Compliance (WCAG 2.1 AA) › should have proper focus management on Contact" classname="phase3-comprehensive-validation.spec.js" time="8.281">
<failure message="phase3-comprehensive-validation.spec.js:296:7 should have proper focus management on Contact" type="FAILURE">
<![CDATA[  [chromium-desktop] › phase3-comprehensive-validation.spec.js:296:7 › Phase 3: Cross-Page Mobile Navigation Validation › Accessibility Compliance (WCAG 2.1 AA) › should have proper focus management on Contact 

    Error: expect(locator).toBeFocused() failed

    Locator:  locator('.nav-link').first()
    Expected: focused
    Received: inactive
    Timeout:  5000ms

    Call log:
      - Expect "toBeFocused" with timeout 5000ms
      - waiting for locator('.nav-link').first()
        8 × locator resolved to <a href="index.html" class="nav-link universal-nav-link">Home</a>
          - unexpected value "inactive"


      305 |         
      306 |         const firstNavLink = testPage.locator('.nav-link').first();
    > 307 |         await expect(firstNavLink).toBeFocused();
          |                                    ^
      308 |         
      309 |         // Focus should return to toggle when menu closes with Escape
      310 |         await testPage.keyboard.press('Escape');
        at C:\Users\luetk\Desktop\Website\Website Next Version\tools\testing\tests\phase3-comprehensive-validation.spec.js:307:36

    attachment #1: screenshot (image/png) ──────────────────────────────────────────────────────────
    ..\..\..\test-results\phase3-comprehensive-valid-1a202-focus-management-on-Contact-chromium-desktop\test-failed-1.png
    ────────────────────────────────────────────────────────────────────────────────────────────────

    attachment #2: video (video/webm) ──────────────────────────────────────────────────────────────
    ..\..\..\test-results\phase3-comprehensive-valid-1a202-focus-management-on-Contact-chromium-desktop\video.webm
    ────────────────────────────────────────────────────────────────────────────────────────────────

    Error Context: ..\..\..\test-results\phase3-comprehensive-valid-1a202-focus-management-on-Contact-chromium-desktop\error-context.md
]]>
</failure>
<system-out>
<![CDATA[
============================================================
PHASE 3 COMPREHENSIVE VALIDATION COMPLETE
============================================================
Test Coverage:
✓ Functional testing across all 6 pages
✓ Cross-page consistency validation
✓ Accessibility compliance verification (WCAG 2.1 AA)
✓ Performance budget compliance confirmation
✓ Cross-browser compatibility validation
✓ Production readiness assessment
============================================================

[[ATTACHMENT|..\..\..\test-results\phase3-comprehensive-valid-1a202-focus-management-on-Contact-chromium-desktop\test-failed-1.png]]

[[ATTACHMENT|..\..\..\test-results\phase3-comprehensive-valid-1a202-focus-management-on-Contact-chromium-desktop\video.webm]]

[[ATTACHMENT|..\..\..\test-results\phase3-comprehensive-valid-1a202-focus-management-on-Contact-chromium-desktop\error-context.md]]
]]>
</system-out>
</testcase>
<testcase name="Phase 3: Cross-Page Mobile Navigation Validation › Accessibility Compliance (WCAG 2.1 AA) › should have proper ARIA attributes on Contact" classname="phase3-comprehensive-validation.spec.js" time="3.461">
</testcase>
<testcase name="Phase 3: Cross-Page Mobile Navigation Validation › Accessibility Compliance (WCAG 2.1 AA) › should meet touch target requirements on About" classname="phase3-comprehensive-validation.spec.js" time="7.64">
</testcase>
<testcase name="Phase 3: Cross-Page Mobile Navigation Validation › Accessibility Compliance (WCAG 2.1 AA) › should have proper focus management on About" classname="phase3-comprehensive-validation.spec.js" time="9.848">
<failure message="phase3-comprehensive-validation.spec.js:296:7 should have proper focus management on About" type="FAILURE">
<![CDATA[  [chromium-desktop] › phase3-comprehensive-validation.spec.js:296:7 › Phase 3: Cross-Page Mobile Navigation Validation › Accessibility Compliance (WCAG 2.1 AA) › should have proper focus management on About 

    Error: expect(locator).toBeFocused() failed

    Locator:  locator('.nav-link').first()
    Expected: focused
    Received: inactive
    Timeout:  5000ms

    Call log:
      - Expect "toBeFocused" with timeout 5000ms
      - waiting for locator('.nav-link').first()
        9 × locator resolved to <a href="index.html" class="nav-link universal-nav-link">Home</a>
          - unexpected value "inactive"


      305 |         
      306 |         const firstNavLink = testPage.locator('.nav-link').first();
    > 307 |         await expect(firstNavLink).toBeFocused();
          |                                    ^
      308 |         
      309 |         // Focus should return to toggle when menu closes with Escape
      310 |         await testPage.keyboard.press('Escape');
        at C:\Users\luetk\Desktop\Website\Website Next Version\tools\testing\tests\phase3-comprehensive-validation.spec.js:307:36

    attachment #1: screenshot (image/png) ──────────────────────────────────────────────────────────
    ..\..\..\test-results\phase3-comprehensive-valid-5cfb2-r-focus-management-on-About-chromium-desktop\test-failed-1.png
    ────────────────────────────────────────────────────────────────────────────────────────────────

    attachment #2: video (video/webm) ──────────────────────────────────────────────────────────────
    ..\..\..\test-results\phase3-comprehensive-valid-5cfb2-r-focus-management-on-About-chromium-desktop\video.webm
    ────────────────────────────────────────────────────────────────────────────────────────────────

    Error Context: ..\..\..\test-results\phase3-comprehensive-valid-5cfb2-r-focus-management-on-About-chromium-desktop\error-context.md
]]>
</failure>
<system-out>
<![CDATA[
============================================================
PHASE 3 COMPREHENSIVE VALIDATION COMPLETE
============================================================
Test Coverage:
✓ Functional testing across all 6 pages
✓ Cross-page consistency validation
✓ Accessibility compliance verification (WCAG 2.1 AA)
✓ Performance budget compliance confirmation
✓ Cross-browser compatibility validation
✓ Production readiness assessment
============================================================

[[ATTACHMENT|..\..\..\test-results\phase3-comprehensive-valid-5cfb2-r-focus-management-on-About-chromium-desktop\test-failed-1.png]]

[[ATTACHMENT|..\..\..\test-results\phase3-comprehensive-valid-5cfb2-r-focus-management-on-About-chromium-desktop\video.webm]]

[[ATTACHMENT|..\..\..\test-results\phase3-comprehensive-valid-5cfb2-r-focus-management-on-About-chromium-desktop\error-context.md]]
]]>
</system-out>
</testcase>
<testcase name="Phase 3: Cross-Page Mobile Navigation Validation › Accessibility Compliance (WCAG 2.1 AA) › should have proper ARIA attributes on About" classname="phase3-comprehensive-validation.spec.js" time="11.071">
</testcase>
<testcase name="Phase 3: Cross-Page Mobile Navigation Validation › Performance Budget Compliance › should meet CSS bundle size targets" classname="phase3-comprehensive-validation.spec.js" time="30.712">
<failure message="phase3-comprehensive-validation.spec.js:343:5 should meet CSS bundle size targets" type="FAILURE">
<![CDATA[  [chromium-desktop] › phase3-comprehensive-validation.spec.js:343:5 › Phase 3: Cross-Page Mobile Navigation Validation › Performance Budget Compliance › should meet CSS bundle size targets 

    Test timeout of 30000ms exceeded.

    Error: page.waitForResponse: Test timeout of 30000ms exceeded.

      345 |       
      346 |       // Check unified CSS file size
    > 347 |       const cssResponse = await page.waitForResponse(response => 
          |                                      ^
      348 |         response.url().includes('navigation-unified.css')
      349 |       );
      350 |       
        at C:\Users\luetk\Desktop\Website\Website Next Version\tools\testing\tests\phase3-comprehensive-validation.spec.js:347:38

    attachment #1: screenshot (image/png) ──────────────────────────────────────────────────────────
    ..\..\..\test-results\phase3-comprehensive-valid-d4115-eet-CSS-bundle-size-targets-chromium-desktop\test-failed-1.png
    ────────────────────────────────────────────────────────────────────────────────────────────────

    attachment #2: video (video/webm) ──────────────────────────────────────────────────────────────
    ..\..\..\test-results\phase3-comprehensive-valid-d4115-eet-CSS-bundle-size-targets-chromium-desktop\video.webm
    ────────────────────────────────────────────────────────────────────────────────────────────────

    Error Context: ..\..\..\test-results\phase3-comprehensive-valid-d4115-eet-CSS-bundle-size-targets-chromium-desktop\error-context.md
]]>
</failure>
<system-out>
<![CDATA[
============================================================
PHASE 3 COMPREHENSIVE VALIDATION COMPLETE
============================================================
Test Coverage:
✓ Functional testing across all 6 pages
✓ Cross-page consistency validation
✓ Accessibility compliance verification (WCAG 2.1 AA)
✓ Performance budget compliance confirmation
✓ Cross-browser compatibility validation
✓ Production readiness assessment
============================================================

[[ATTACHMENT|..\..\..\test-results\phase3-comprehensive-valid-d4115-eet-CSS-bundle-size-targets-chromium-desktop\test-failed-1.png]]

[[ATTACHMENT|..\..\..\test-results\phase3-comprehensive-valid-d4115-eet-CSS-bundle-size-targets-chromium-desktop\video.webm]]

[[ATTACHMENT|..\..\..\test-results\phase3-comprehensive-valid-d4115-eet-CSS-bundle-size-targets-chromium-desktop\error-context.md]]
]]>
</system-out>
</testcase>
<testcase name="Phase 3: Cross-Page Mobile Navigation Validation › Performance Budget Compliance › should meet JavaScript size targets" classname="phase3-comprehensive-validation.spec.js" time="0">
<failure message="phase3-comprehensive-validation.spec.js:357:5 should meet JavaScript size targets" type="FAILURE">
<![CDATA[  [chromium-desktop] › phase3-comprehensive-validation.spec.js:357:5 › Phase 3: Cross-Page Mobile Navigation Validation › Performance Budget Compliance › should meet JavaScript size targets 

    Error: worker process exited unexpectedly (code=3221225794, signal=null)
]]>
</failure>
</testcase>
<testcase name="Phase 3: Cross-Page Mobile Navigation Validation › Performance Budget Compliance › should meet page load time targets" classname="phase3-comprehensive-validation.spec.js" time="0">
<skipped>
</skipped>
</testcase>
<testcase name="Phase 3: Cross-Page Mobile Navigation Validation › Performance Budget Compliance › should maintain smooth animations" classname="phase3-comprehensive-validation.spec.js" time="0">
<skipped>
</skipped>
</testcase>
<testcase name="Phase 3: Cross-Page Mobile Navigation Validation › Production Readiness Assessment › should have no console errors across all pages" classname="phase3-comprehensive-validation.spec.js" time="0">
<skipped>
</skipped>
</testcase>
<testcase name="Phase 3: Cross-Page Mobile Navigation Validation › Production Readiness Assessment › should have valid HTML structure on all pages" classname="phase3-comprehensive-validation.spec.js" time="0">
<skipped>
</skipped>
</testcase>
<testcase name="Phase 3: Cross-Page Mobile Navigation Validation › Production Readiness Assessment › should handle network failures gracefully" classname="phase3-comprehensive-validation.spec.js" time="0">
<skipped>
</skipped>
</testcase>
<testcase name="Phase 3: Cross-Page Mobile Navigation Validation › Production Readiness Assessment › should work across different screen orientations" classname="phase3-comprehensive-validation.spec.js" time="0">
<skipped>
</skipped>
</testcase>
<testcase name="Cross-Browser Compatibility › CHROMIUM Browser Tests › should render navigation correctly in chromium" classname="phase3-comprehensive-validation.spec.js" time="0">
<skipped>
</skipped>
</testcase>
<testcase name="Cross-Browser Compatibility › FIREFOX Browser Tests › should render navigation correctly in firefox" classname="phase3-comprehensive-validation.spec.js" time="0">
<skipped>
</skipped>
</testcase>
<testcase name="Cross-Browser Compatibility › WEBKIT Browser Tests › should render navigation correctly in webkit" classname="phase3-comprehensive-validation.spec.js" time="0">
<skipped>
</skipped>
</testcase>
</testsuite>
<testsuite name="phase3-core-validation.spec.js" timestamp="2025-08-23T08:39:36.066Z" hostname="chromium-desktop" tests="11" failures="4" skipped="7" time="0" errors="0">
<testcase name="Phase 3: Core Mobile Navigation Validation › Essential Functionality Tests › should have working mobile navigation on Home page" classname="phase3-core-validation.spec.js" time="0">
<failure message="phase3-core-validation.spec.js:42:7 should have working mobile navigation on Home page" type="FAILURE">
<![CDATA[  [chromium-desktop] › phase3-core-validation.spec.js:42:7 › Phase 3: Core Mobile Navigation Validation › Essential Functionality Tests › should have working mobile navigation on Home page 

    Error: worker process exited unexpectedly (code=3221225794, signal=null)
]]>
</failure>
</testcase>
<testcase name="Phase 3: Core Mobile Navigation Validation › Essential Functionality Tests › should have working mobile navigation on Services page" classname="phase3-core-validation.spec.js" time="0">
<skipped>
</skipped>
</testcase>
<testcase name="Phase 3: Core Mobile Navigation Validation › Essential Functionality Tests › should have working mobile navigation on Resources page" classname="phase3-core-validation.spec.js" time="0">
<skipped>
</skipped>
</testcase>
<testcase name="Phase 3: Core Mobile Navigation Validation › Essential Functionality Tests › should have working mobile navigation on Impact page" classname="phase3-core-validation.spec.js" time="0">
<failure message="phase3-core-validation.spec.js:42:7 should have working mobile navigation on Impact page" type="FAILURE">
<![CDATA[  [chromium-desktop] › phase3-core-validation.spec.js:42:7 › Phase 3: Core Mobile Navigation Validation › Essential Functionality Tests › should have working mobile navigation on Impact page 

    Error: worker process exited unexpectedly (code=3221225794, signal=null)
]]>
</failure>
</testcase>
<testcase name="Phase 3: Core Mobile Navigation Validation › Essential Functionality Tests › should have working mobile navigation on Contact page" classname="phase3-core-validation.spec.js" time="0">
<skipped>
</skipped>
</testcase>
<testcase name="Phase 3: Core Mobile Navigation Validation › Essential Functionality Tests › should have working mobile navigation on About page" classname="phase3-core-validation.spec.js" time="0">
<skipped>
</skipped>
</testcase>
<testcase name="Phase 3: Core Mobile Navigation Validation › Cross-Page Consistency › should have identical navigation structure across all pages" classname="phase3-core-validation.spec.js" time="0">
<failure message="phase3-core-validation.spec.js:89:5 should have identical navigation structure across all pages" type="FAILURE">
<![CDATA[  [chromium-desktop] › phase3-core-validation.spec.js:89:5 › Phase 3: Core Mobile Navigation Validation › Cross-Page Consistency › should have identical navigation structure across all pages 

    Error: worker process exited unexpectedly (code=3221225794, signal=null)
]]>
</failure>
</testcase>
<testcase name="Phase 3: Core Mobile Navigation Validation › Accessibility Core Tests › should meet basic accessibility requirements" classname="phase3-core-validation.spec.js" time="0">
<skipped>
</skipped>
</testcase>
<testcase name="Phase 3: Core Mobile Navigation Validation › Performance Validation › should load quickly and efficiently" classname="phase3-core-validation.spec.js" time="0">
<skipped>
</skipped>
</testcase>
<testcase name="Phase 3: Core Mobile Navigation Validation › Production Readiness › should have no critical console errors" classname="phase3-core-validation.spec.js" time="0">
<failure message="phase3-core-validation.spec.js:177:5 should have no critical console errors" type="FAILURE">
<![CDATA[  [chromium-desktop] › phase3-core-validation.spec.js:177:5 › Phase 3: Core Mobile Navigation Validation › Production Readiness › should have no critical console errors 

    Error: worker process exited unexpectedly (code=3221225794, signal=null)
]]>
</failure>
</testcase>
<testcase name="Phase 3: Core Mobile Navigation Validation › Production Readiness › should work across different mobile orientations" classname="phase3-core-validation.spec.js" time="0">
<skipped>
</skipped>
</testcase>
</testsuite>
<testsuite name="critical-navigation-smoke-test.spec.js" timestamp="2025-08-23T08:39:36.066Z" hostname="firefox-desktop" tests="3" failures="3" skipped="0" time="0" errors="0">
<testcase name="Critical Navigation Smoke Tests › Critical navigation smoke test - Mobile toggle functionality" classname="critical-navigation-smoke-test.spec.js" time="0">
<failure message="critical-navigation-smoke-test.spec.js:26:3 Critical navigation smoke test - Mobile toggle functionality" type="FAILURE">
<![CDATA[  [firefox-desktop] › critical-navigation-smoke-test.spec.js:26:3 › Critical Navigation Smoke Tests › Critical navigation smoke test - Mobile toggle functionality 

    Error: worker process exited unexpectedly (code=3221225794, signal=null)
]]>
</failure>
</testcase>
<testcase name="Critical Navigation Smoke Tests › Critical navigation smoke test - Cross-page consistency" classname="critical-navigation-smoke-test.spec.js" time="0">
<failure message="critical-navigation-smoke-test.spec.js:58:3 Critical navigation smoke test - Cross-page consistency" type="FAILURE">
<![CDATA[  [firefox-desktop] › critical-navigation-smoke-test.spec.js:58:3 › Critical Navigation Smoke Tests › Critical navigation smoke test - Cross-page consistency 

    Error: worker process exited unexpectedly (code=3221225794, signal=null)
]]>
</failure>
</testcase>
<testcase name="Critical Navigation Smoke Tests › Critical navigation smoke test - Accessibility basics" classname="critical-navigation-smoke-test.spec.js" time="0">
<failure message="critical-navigation-smoke-test.spec.js:82:3 Critical navigation smoke test - Accessibility basics" type="FAILURE">
<![CDATA[  [firefox-desktop] › critical-navigation-smoke-test.spec.js:82:3 › Critical Navigation Smoke Tests › Critical navigation smoke test - Accessibility basics 

    Error: worker process exited unexpectedly (code=3221225794, signal=null)
]]>
</failure>
</testcase>
</testsuite>
<testsuite name="mobile-navigation-fixed.spec.js" timestamp="2025-08-23T08:39:36.066Z" hostname="firefox-desktop" tests="8" failures="8" skipped="0" time="0" errors="0">
<testcase name="BASELINE VALIDATION - Mobile Navigation Safety › Mobile navigation works on /" classname="mobile-navigation-fixed.spec.js" time="0">
<failure message="mobile-navigation-fixed.spec.js:27:5 Mobile navigation works on /" type="FAILURE">
<![CDATA[  [firefox-desktop] › mobile-navigation-fixed.spec.js:27:5 › BASELINE VALIDATION - Mobile Navigation Safety › Mobile navigation works on / 

    Error: worker process exited unexpectedly (code=3221225794, signal=null)
]]>
</failure>
</testcase>
<testcase name="BASELINE VALIDATION - Mobile Navigation Safety › Mobile navigation works on /services.html" classname="mobile-navigation-fixed.spec.js" time="0">
<failure message="mobile-navigation-fixed.spec.js:27:5 Mobile navigation works on /services.html" type="FAILURE">
<![CDATA[  [firefox-desktop] › mobile-navigation-fixed.spec.js:27:5 › BASELINE VALIDATION - Mobile Navigation Safety › Mobile navigation works on /services.html 

    Error: worker process exited unexpectedly (code=3221225794, signal=null)
]]>
</failure>
</testcase>
<testcase name="BASELINE VALIDATION - Mobile Navigation Safety › Mobile navigation works on /about.html" classname="mobile-navigation-fixed.spec.js" time="0">
<failure message="mobile-navigation-fixed.spec.js:27:5 Mobile navigation works on /about.html" type="FAILURE">
<![CDATA[  [firefox-desktop] › mobile-navigation-fixed.spec.js:27:5 › BASELINE VALIDATION - Mobile Navigation Safety › Mobile navigation works on /about.html 

    Error: worker process exited unexpectedly (code=3221225794, signal=null)
]]>
</failure>
</testcase>
<testcase name="BASELINE VALIDATION - Mobile Navigation Safety › Mobile navigation works on /impact.html" classname="mobile-navigation-fixed.spec.js" time="0">
<failure message="mobile-navigation-fixed.spec.js:27:5 Mobile navigation works on /impact.html" type="FAILURE">
<![CDATA[  [firefox-desktop] › mobile-navigation-fixed.spec.js:27:5 › BASELINE VALIDATION - Mobile Navigation Safety › Mobile navigation works on /impact.html 

    Error: worker process exited unexpectedly (code=3221225794, signal=null)
]]>
</failure>
</testcase>
<testcase name="BASELINE VALIDATION - Mobile Navigation Safety › Mobile navigation works on /contact.html" classname="mobile-navigation-fixed.spec.js" time="0">
<failure message="mobile-navigation-fixed.spec.js:27:5 Mobile navigation works on /contact.html" type="FAILURE">
<![CDATA[  [firefox-desktop] › mobile-navigation-fixed.spec.js:27:5 › BASELINE VALIDATION - Mobile Navigation Safety › Mobile navigation works on /contact.html 

    Error: worker process exited unexpectedly (code=3221225794, signal=null)
]]>
</failure>
</testcase>
<testcase name="BASELINE VALIDATION - Mobile Navigation Safety › Mobile navigation works on /resources.html" classname="mobile-navigation-fixed.spec.js" time="0">
<failure message="mobile-navigation-fixed.spec.js:27:5 Mobile navigation works on /resources.html" type="FAILURE">
<![CDATA[  [firefox-desktop] › mobile-navigation-fixed.spec.js:27:5 › BASELINE VALIDATION - Mobile Navigation Safety › Mobile navigation works on /resources.html 

    Error: worker process exited unexpectedly (code=3221225794, signal=null)
]]>
</failure>
</testcase>
<testcase name="BASELINE VALIDATION - Mobile Navigation Safety › Mobile navigation keyboard accessibility" classname="mobile-navigation-fixed.spec.js" time="0">
<failure message="mobile-navigation-fixed.spec.js:57:3 Mobile navigation keyboard accessibility" type="FAILURE">
<![CDATA[  [firefox-desktop] › mobile-navigation-fixed.spec.js:57:3 › BASELINE VALIDATION - Mobile Navigation Safety › Mobile navigation keyboard accessibility 

    Error: worker process exited unexpectedly (code=3221225794, signal=null)
]]>
</failure>
</testcase>
<testcase name="BASELINE VALIDATION - Mobile Navigation Safety › Mobile navigation performance timing" classname="mobile-navigation-fixed.spec.js" time="0">
<failure message="mobile-navigation-fixed.spec.js:76:3 Mobile navigation performance timing" type="FAILURE">
<![CDATA[  [firefox-desktop] › mobile-navigation-fixed.spec.js:76:3 › BASELINE VALIDATION - Mobile Navigation Safety › Mobile navigation performance timing 

    Error: worker process exited unexpectedly (code=3221225794, signal=null)
]]>
</failure>
</testcase>
</testsuite>
<testsuite name="mobile-navigation.spec.js" timestamp="2025-08-23T08:39:36.066Z" hostname="firefox-desktop" tests="14" failures="14" skipped="0" time="0" errors="0">
<testcase name="Mobile Navigation Critical Safety Tests › Mobile navigation toggle works on /" classname="mobile-navigation.spec.js" time="0">
<failure message="mobile-navigation.spec.js:28:5 Mobile navigation toggle works on /" type="FAILURE">
<![CDATA[  [firefox-desktop] › mobile-navigation.spec.js:28:5 › Mobile Navigation Critical Safety Tests › Mobile navigation toggle works on / 

    Error: worker process exited unexpectedly (code=3221225794, signal=null)
]]>
</failure>
</testcase>
<testcase name="Mobile Navigation Critical Safety Tests › Mobile navigation toggle works on /services.html" classname="mobile-navigation.spec.js" time="0">
<failure message="mobile-navigation.spec.js:28:5 Mobile navigation toggle works on /services.html" type="FAILURE">
<![CDATA[  [firefox-desktop] › mobile-navigation.spec.js:28:5 › Mobile Navigation Critical Safety Tests › Mobile navigation toggle works on /services.html 

    Error: worker process exited unexpectedly (code=3221225794, signal=null)
]]>
</failure>
</testcase>
<testcase name="Mobile Navigation Critical Safety Tests › Mobile navigation toggle works on /about.html" classname="mobile-navigation.spec.js" time="0">
<failure message="mobile-navigation.spec.js:28:5 Mobile navigation toggle works on /about.html" type="FAILURE">
<![CDATA[  [firefox-desktop] › mobile-navigation.spec.js:28:5 › Mobile Navigation Critical Safety Tests › Mobile navigation toggle works on /about.html 

    Error: worker process exited unexpectedly (code=3221225794, signal=null)
]]>
</failure>
</testcase>
<testcase name="Mobile Navigation Critical Safety Tests › Mobile navigation toggle works on /impact.html" classname="mobile-navigation.spec.js" time="0">
<failure message="mobile-navigation.spec.js:28:5 Mobile navigation toggle works on /impact.html" type="FAILURE">
<![CDATA[  [firefox-desktop] › mobile-navigation.spec.js:28:5 › Mobile Navigation Critical Safety Tests › Mobile navigation toggle works on /impact.html 

    Error: worker process exited unexpectedly (code=3221225794, signal=null)
]]>
</failure>
</testcase>
<testcase name="Mobile Navigation Critical Safety Tests › Mobile navigation toggle works on /contact.html" classname="mobile-navigation.spec.js" time="0">
<failure message="mobile-navigation.spec.js:28:5 Mobile navigation toggle works on /contact.html" type="FAILURE">
<![CDATA[  [firefox-desktop] › mobile-navigation.spec.js:28:5 › Mobile Navigation Critical Safety Tests › Mobile navigation toggle works on /contact.html 

    Error: worker process exited unexpectedly (code=3221225794, signal=null)
]]>
</failure>
</testcase>
<testcase name="Mobile Navigation Critical Safety Tests › Mobile navigation toggle works on /resources.html" classname="mobile-navigation.spec.js" time="0">
<failure message="mobile-navigation.spec.js:28:5 Mobile navigation toggle works on /resources.html" type="FAILURE">
<![CDATA[  [firefox-desktop] › mobile-navigation.spec.js:28:5 › Mobile Navigation Critical Safety Tests › Mobile navigation toggle works on /resources.html 

    Error: worker process exited unexpectedly (code=3221225794, signal=null)
]]>
</failure>
</testcase>
<testcase name="Mobile Navigation Critical Safety Tests › Mobile navigation accessibility - keyboard support" classname="mobile-navigation.spec.js" time="0">
<failure message="mobile-navigation.spec.js:72:3 Mobile navigation accessibility - keyboard support" type="FAILURE">
<![CDATA[  [firefox-desktop] › mobile-navigation.spec.js:72:3 › Mobile Navigation Critical Safety Tests › Mobile navigation accessibility - keyboard support 

    Error: worker process exited unexpectedly (code=3221225794, signal=null)
]]>
</failure>
</testcase>
<testcase name="Mobile Navigation Critical Safety Tests › Mobile navigation visual consistency across pages" classname="mobile-navigation.spec.js" time="0">
<failure message="mobile-navigation.spec.js:90:3 Mobile navigation visual consistency across pages" type="FAILURE">
<![CDATA[  [firefox-desktop] › mobile-navigation.spec.js:90:3 › Mobile Navigation Critical Safety Tests › Mobile navigation visual consistency across pages 

    Error: worker process exited unexpectedly (code=3221225794, signal=null)
]]>
</failure>
</testcase>
<testcase name="Mobile Navigation Critical Safety Tests › Mobile navigation preserves premium effects" classname="mobile-navigation.spec.js" time="0">
<failure message="mobile-navigation.spec.js:112:3 Mobile navigation preserves premium effects" type="FAILURE">
<![CDATA[  [firefox-desktop] › mobile-navigation.spec.js:112:3 › Mobile Navigation Critical Safety Tests › Mobile navigation preserves premium effects 

    Error: worker process exited unexpectedly (code=3221225794, signal=null)
]]>
</failure>
</testcase>
<testcase name="Mobile Navigation Critical Safety Tests › Mobile navigation performance - toggle speed" classname="mobile-navigation.spec.js" time="0">
<failure message="mobile-navigation.spec.js:133:3 Mobile navigation performance - toggle speed" type="FAILURE">
<![CDATA[  [firefox-desktop] › mobile-navigation.spec.js:133:3 › Mobile Navigation Critical Safety Tests › Mobile navigation performance - toggle speed 

    Error: worker process exited unexpectedly (code=3221225794, signal=null)
]]>
</failure>
</testcase>
<testcase name="Cross-Browser Mobile Navigation Tests › Mobile navigation works in Firefox mobile" classname="mobile-navigation.spec.js" time="0">
<failure message="mobile-navigation.spec.js:156:3 Mobile navigation works in Firefox mobile" type="FAILURE">
<![CDATA[  [firefox-desktop] › mobile-navigation.spec.js:156:3 › Cross-Browser Mobile Navigation Tests › Mobile navigation works in Firefox mobile 

    Error: worker process exited unexpectedly (code=3221225794, signal=null)
]]>
</failure>
</testcase>
<testcase name="Cross-Browser Mobile Navigation Tests › Mobile navigation works in WebKit mobile" classname="mobile-navigation.spec.js" time="0">
<failure message="mobile-navigation.spec.js:169:3 Mobile navigation works in WebKit mobile" type="FAILURE">
<![CDATA[  [firefox-desktop] › mobile-navigation.spec.js:169:3 › Cross-Browser Mobile Navigation Tests › Mobile navigation works in WebKit mobile 

    Error: worker process exited unexpectedly (code=3221225794, signal=null)
]]>
</failure>
</testcase>
<testcase name="Security Headers Validation › Content Security Policy headers are present" classname="mobile-navigation.spec.js" time="0">
<failure message="mobile-navigation.spec.js:185:3 Content Security Policy headers are present" type="FAILURE">
<![CDATA[  [firefox-desktop] › mobile-navigation.spec.js:185:3 › Security Headers Validation › Content Security Policy headers are present 

    Error: worker process exited unexpectedly (code=3221225794, signal=null)
]]>
</failure>
</testcase>
<testcase name="Security Headers Validation › Security meta tags are present on all pages" classname="mobile-navigation.spec.js" time="0">
<failure message="mobile-navigation.spec.js:198:3 Security meta tags are present on all pages" type="FAILURE">
<![CDATA[  [firefox-desktop] › mobile-navigation.spec.js:198:3 › Security Headers Validation › Security meta tags are present on all pages 

    Error: worker process exited unexpectedly (code=3221225794, signal=null)
]]>
</failure>
</testcase>
</testsuite>
<testsuite name="phase3-comprehensive-validation.spec.js" timestamp="2025-08-23T08:39:36.066Z" hostname="firefox-desktop" tests="73" failures="4" skipped="69" time="0" errors="0">
<testcase name="Phase 3: Cross-Page Mobile Navigation Validation › Functional Testing - All Pages › Home Page Navigation Tests › should load unified CSS and JavaScript correctly on Home" classname="phase3-comprehensive-validation.spec.js" time="0">
[...]
<skipped>
</skipped>
</testcase>
<testcase name="Phase 3: Cross-Page Mobile Navigation Validation › Functional Testing - All Pages › Resources Page Navigation Tests › should close mobile menu with outside click on Resources" classname="phase3-comprehensive-validation.spec.js" time="0">
<skipped>
</skipped>
</testcase>
<testcase name="Phase 3: Cross-Page Mobile Navigation Validation › Functional Testing - All Pages › Resources Page Navigation Tests › should close mobile menu with Escape key on Resources" classname="phase3-comprehensive-validation.spec.js" time="0">
<failure message="phase3-comprehensive-validation.spec.js:146:9 should close mobile menu with Escape key on Resources" type="FAILURE">
<![CDATA[  [webkit-mobile] › phase3-comprehensive-validation.spec.js:146:9 › Phase 3: Cross-Page Mobile Navigation Validation › Functional Testing - All Pages › Resources Page Navigation Tests › should close mobile menu with Escape key on Resources 

    Error: worker process exited unexpectedly (code=3221225794, signal=null)
]]>
</failure>
</testcase>
<testcase name="Phase 3: Cross-Page Mobile Navigation Validation › Functional Testing - All Pages › Resources Page Navigation Tests › should highlight current page in navigation on Resources" classname="phase3-comprehensive-validation.spec.js" time="0">
<skipped>
</skipped>
</testcase>
<testcase name="Phase 3: Cross-Page Mobile Navigation Validation › Functional Testing - All Pages › Impact Page Navigation Tests › should load unified CSS and JavaScript correctly on Impact" classname="phase3-comprehensive-validation.spec.js" time="0">
<skipped>
</skipped>
</testcase>
<testcase name="Phase 3: Cross-Page Mobile Navigation Validation › Functional Testing - All Pages › Impact Page Navigation Tests › should display mobile hamburger button on Impact" classname="phase3-comprehensive-validation.spec.js" time="0">
<skipped>
</skipped>
</testcase>
<testcase name="Phase 3: Cross-Page Mobile Navigation Validation › Functional Testing - All Pages › Impact Page Navigation Tests › should open mobile navigation menu correctly on Impact" classname="phase3-comprehensive-validation.spec.js" time="0">
<skipped>
</skipped>
</testcase>
<testcase name="Phase 3: Cross-Page Mobile Navigation Validation › Functional Testing - All Pages › Impact Page Navigation Tests › should display all 6 navigation links without scrolling on Impact" classname="phase3-comprehensive-validation.spec.js" time="0">
<skipped>
</skipped>
</testcase>
<testcase name="Phase 3: Cross-Page Mobile Navigation Validation › Functional Testing - All Pages › Impact Page Navigation Tests › should close mobile menu with outside click on Impact" classname="phase3-comprehensive-validation.spec.js" time="0">
<skipped>
</skipped>
</testcase>
<testcase name="Phase 3: Cross-Page Mobile Navigation Validation › Functional Testing - All Pages › Impact Page Navigation Tests › should close mobile menu with Escape key on Impact" classname="phase3-comprehensive-validation.spec.js" time="0">
<skipped>
</skipped>
</testcase>
<testcase name="Phase 3: Cross-Page Mobile Navigation Validation › Functional Testing - All Pages › Impact Page Navigation Tests › should highlight current page in navigation on Impact" classname="phase3-comprehensive-validation.spec.js" time="0">
<skipped>
</skipped>
</testcase>
<testcase name="Phase 3: Cross-Page Mobile Navigation Validation › Functional Testing - All Pages › Contact Page Navigation Tests › should load unified CSS and JavaScript correctly on Contact" classname="phase3-comprehensive-validation.spec.js" time="0">
<skipped>
</skipped>
</testcase>
<testcase name="Phase 3: Cross-Page Mobile Navigation Validation › Functional Testing - All Pages › Contact Page Navigation Tests › should display mobile hamburger button on Contact" classname="phase3-comprehensive-validation.spec.js" time="0">
<skipped>
</skipped>
</testcase>
<testcase name="Phase 3: Cross-Page Mobile Navigation Validation › Functional Testing - All Pages › Contact Page Navigation Tests › should open mobile navigation menu correctly on Contact" classname="phase3-comprehensive-validation.spec.js" time="0">
<skipped>
</skipped>
</testcase>
<testcase name="Phase 3: Cross-Page Mobile Navigation Validation › Functional Testing - All Pages › Contact Page Navigation Tests › should display all 6 navigation links without scrolling on Contact" classname="phase3-comprehensive-validation.spec.js" time="0">
<skipped>
</skipped>
</testcase>
<testcase name="Phase 3: Cross-Page Mobile Navigation Validation › Functional Testing - All Pages › Contact Page Navigation Tests › should close mobile menu with outside click on Contact" classname="phase3-comprehensive-validation.spec.js" time="0">
<skipped>
</skipped>
</testcase>
<testcase name="Phase 3: Cross-Page Mobile Navigation Validation › Functional Testing - All Pages › Contact Page Navigation Tests › should close mobile menu with Escape key on Contact" classname="phase3-comprehensive-validation.spec.js" time="0">
<skipped>
</skipped>
</testcase>
<testcase name="Phase 3: Cross-Page Mobile Navigation Validation › Functional Testing - All Pages › Contact Page Navigation Tests › should highlight current page in navigation on Contact" classname="phase3-comprehensive-validation.spec.js" time="0">
<skipped>
</skipped>
</testcase>
<testcase name="Phase 3: Cross-Page Mobile Navigation Validation › Functional Testing - All Pages › About Page Navigation Tests › should load unified CSS and JavaScript correctly on About" classname="phase3-comprehensive-validation.spec.js" time="0">
<skipped>
</skipped>
</testcase>
<testcase name="Phase 3: Cross-Page Mobile Navigation Validation › Functional Testing - All Pages › About Page Navigation Tests › should display mobile hamburger button on About" classname="phase3-comprehensive-validation.spec.js" time="0">
<skipped>
</skipped>
</testcase>
<testcase name="Phase 3: Cross-Page Mobile Navigation Validation › Functional Testing - All Pages › About Page Navigation Tests › should open mobile navigation menu correctly on About" classname="phase3-comprehensive-validation.spec.js" time="0">
<skipped>
</skipped>
</testcase>
<testcase name="Phase 3: Cross-Page Mobile Navigation Validation › Functional Testing - All Pages › About Page Navigation Tests › should display all 6 navigation links without scrolling on About" classname="phase3-comprehensive-validation.spec.js" time="0">
<failure message="phase3-comprehensive-validation.spec.js:108:9 should display all 6 navigation links without scrolling on About" type="FAILURE">
<![CDATA[  [webkit-mobile] › phase3-comprehensive-validation.spec.js:108:9 › Phase 3: Cross-Page Mobile Navigation Validation › Functional Testing - All Pages › About Page Navigation Tests › should display all 6 navigation links without scrolling on About 

    Error: worker process exited unexpectedly (code=3221225794, signal=null)
]]>
</failure>
</testcase>
<testcase name="Phase 3: Cross-Page Mobile Navigation Validation › Functional Testing - All Pages › About Page Navigation Tests › should close mobile menu with outside click on About" classname="phase3-comprehensive-validation.spec.js" time="0">
<skipped>
</skipped>
</testcase>
<testcase name="Phase 3: Cross-Page Mobile Navigation Validation › Functional Testing - All Pages › About Page Navigation Tests › should close mobile menu with Escape key on About" classname="phase3-comprehensive-validation.spec.js" time="0">
<skipped>
</skipped>
</testcase>
<testcase name="Phase 3: Cross-Page Mobile Navigation Validation › Functional Testing - All Pages › About Page Navigation Tests › should highlight current page in navigation on About" classname="phase3-comprehensive-validation.spec.js" time="0">
<skipped>
</skipped>
</testcase>
<testcase name="Phase 3: Cross-Page Mobile Navigation Validation › Cross-Page Consistency Validation › should have identical navigation behavior across all pages" classname="phase3-comprehensive-validation.spec.js" time="0">
<skipped>
</skipped>
</testcase>
<testcase name="Phase 3: Cross-Page Mobile Navigation Validation › Cross-Page Consistency Validation › should have consistent visual styling across all pages" classname="phase3-comprehensive-validation.spec.js" time="0">
<skipped>
</skipped>
</testcase>
<testcase name="Phase 3: Cross-Page Mobile Navigation Validation › Accessibility Compliance (WCAG 2.1 AA) › should meet touch target requirements on Home" classname="phase3-comprehensive-validation.spec.js" time="0">
<skipped>
</skipped>
</testcase>
<testcase name="Phase 3: Cross-Page Mobile Navigation Validation › Accessibility Compliance (WCAG 2.1 AA) › should have proper focus management on Home" classname="phase3-comprehensive-validation.spec.js" time="0">
<skipped>
</skipped>
</testcase>
<testcase name="Phase 3: Cross-Page Mobile Navigation Validation › Accessibility Compliance (WCAG 2.1 AA) › should have proper ARIA attributes on Home" classname="phase3-comprehensive-validation.spec.js" time="0">
<skipped>
</skipped>
</testcase>
<testcase name="Phase 3: Cross-Page Mobile Navigation Validation › Accessibility Compliance (WCAG 2.1 AA) › should meet touch target requirements on Services" classname="phase3-comprehensive-validation.spec.js" time="0">
<skipped>
</skipped>
</testcase>
<testcase name="Phase 3: Cross-Page Mobile Navigation Validation › Accessibility Compliance (WCAG 2.1 AA) › should have proper focus management on Services" classname="phase3-comprehensive-validation.spec.js" time="0">
<skipped>
</skipped>
</testcase>
<testcase name="Phase 3: Cross-Page Mobile Navigation Validation › Accessibility Compliance (WCAG 2.1 AA) › should have proper ARIA attributes on Services" classname="phase3-comprehensive-validation.spec.js" time="0">
<skipped>
</skipped>
</testcase>
<testcase name="Phase 3: Cross-Page Mobile Navigation Validation › Accessibility Compliance (WCAG 2.1 AA) › should meet touch target requirements on Resources" classname="phase3-comprehensive-validation.spec.js" time="0">
<skipped>
</skipped>
</testcase>
<testcase name="Phase 3: Cross-Page Mobile Navigation Validation › Accessibility Compliance (WCAG 2.1 AA) › should have proper focus management on Resources" classname="phase3-comprehensive-validation.spec.js" time="0">
<skipped>
</skipped>
</testcase>
<testcase name="Phase 3: Cross-Page Mobile Navigation Validation › Accessibility Compliance (WCAG 2.1 AA) › should have proper ARIA attributes on Resources" classname="phase3-comprehensive-validation.spec.js" time="0">
<skipped>
</skipped>
</testcase>
<testcase name="Phase 3: Cross-Page Mobile Navigation Validation › Accessibility Compliance (WCAG 2.1 AA) › should meet touch target requirements on Impact" classname="phase3-comprehensive-validation.spec.js" time="0">
<skipped>
</skipped>
</testcase>
<testcase name="Phase 3: Cross-Page Mobile Navigation Validation › Accessibility Compliance (WCAG 2.1 AA) › should have proper focus management on Impact" classname="phase3-comprehensive-validation.spec.js" time="0">
<skipped>
</skipped>
</testcase>
<testcase name="Phase 3: Cross-Page Mobile Navigation Validation › Accessibility Compliance (WCAG 2.1 AA) › should have proper ARIA attributes on Impact" classname="phase3-comprehensive-validation.spec.js" time="0">
<skipped>
</skipped>
</testcase>
<testcase name="Phase 3: Cross-Page Mobile Navigation Validation › Accessibility Compliance (WCAG 2.1 AA) › should meet touch target requirements on Contact" classname="phase3-comprehensive-validation.spec.js" time="0">
<skipped>
</skipped>
</testcase>
<testcase name="Phase 3: Cross-Page Mobile Navigation Validation › Accessibility Compliance (WCAG 2.1 AA) › should have proper focus management on Contact" classname="phase3-comprehensive-validation.spec.js" time="0">
<failure message="phase3-comprehensive-validation.spec.js:296:7 should have proper focus management on Contact" type="FAILURE">
<![CDATA[  [webkit-mobile] › phase3-comprehensive-validation.spec.js:296:7 › Phase 3: Cross-Page Mobile Navigation Validation › Accessibility Compliance (WCAG 2.1 AA) › should have proper focus management on Contact 

    Error: worker process exited unexpectedly (code=3221225794, signal=null)
]]>
</failure>
</testcase>
<testcase name="Phase 3: Cross-Page Mobile Navigation Validation › Accessibility Compliance (WCAG 2.1 AA) › should have proper ARIA attributes on Contact" classname="phase3-comprehensive-validation.spec.js" time="0">
<skipped>
</skipped>
</testcase>
<testcase name="Phase 3: Cross-Page Mobile Navigation Validation › Accessibility Compliance (WCAG 2.1 AA) › should meet touch target requirements on About" classname="phase3-comprehensive-validation.spec.js" time="0">
<skipped>
</skipped>
</testcase>
<testcase name="Phase 3: Cross-Page Mobile Navigation Validation › Accessibility Compliance (WCAG 2.1 AA) › should have proper focus management on About" classname="phase3-comprehensive-validation.spec.js" time="0">
<skipped>
</skipped>
</testcase>
<testcase name="Phase 3: Cross-Page Mobile Navigation Validation › Accessibility Compliance (WCAG 2.1 AA) › should have proper ARIA attributes on About" classname="phase3-comprehensive-validation.spec.js" time="0">
<skipped>
</skipped>
</testcase>
<testcase name="Phase 3: Cross-Page Mobile Navigation Validation › Performance Budget Compliance › should meet CSS bundle size targets" classname="phase3-comprehensive-validation.spec.js" time="0">
<skipped>
</skipped>
</testcase>
<testcase name="Phase 3: Cross-Page Mobile Navigation Validation › Performance Budget Compliance › should meet JavaScript size targets" classname="phase3-comprehensive-validation.spec.js" time="0">
<skipped>
</skipped>
</testcase>
<testcase name="Phase 3: Cross-Page Mobile Navigation Validation › Performance Budget Compliance › should meet page load time targets" classname="phase3-comprehensive-validation.spec.js" time="0">
<skipped>
</skipped>
</testcase>
<testcase name="Phase 3: Cross-Page Mobile Navigation Validation › Performance Budget Compliance › should maintain smooth animations" classname="phase3-comprehensive-validation.spec.js" time="0">
<skipped>
</skipped>
</testcase>
<testcase name="Phase 3: Cross-Page Mobile Navigation Validation › Production Readiness Assessment › should have no console errors across all pages" classname="phase3-comprehensive-validation.spec.js" time="0">
<skipped>
</skipped>
</testcase>
<testcase name="Phase 3: Cross-Page Mobile Navigation Validation › Production Readiness Assessment › should have valid HTML structure on all pages" classname="phase3-comprehensive-validation.spec.js" time="0">
<skipped>
</skipped>
</testcase>
<testcase name="Phase 3: Cross-Page Mobile Navigation Validation › Production Readiness Assessment › should handle network failures gracefully" classname="phase3-comprehensive-validation.spec.js" time="0">
<skipped>
</skipped>
</testcase>
<testcase name="Phase 3: Cross-Page Mobile Navigation Validation › Production Readiness Assessment › should work across different screen orientations" classname="phase3-comprehensive-validation.spec.js" time="0">
<skipped>
</skipped>
</testcase>
<testcase name="Cross-Browser Compatibility › CHROMIUM Browser Tests › should render navigation correctly in chromium" classname="phase3-comprehensive-validation.spec.js" time="0">
<skipped>
</skipped>
</testcase>
<testcase name="Cross-Browser Compatibility › FIREFOX Browser Tests › should render navigation correctly in firefox" classname="phase3-comprehensive-validation.spec.js" time="0">
<skipped>
</skipped>
</testcase>
<testcase name="Cross-Browser Compatibility › WEBKIT Browser Tests › should render navigation correctly in webkit" classname="phase3-comprehensive-validation.spec.js" time="0">
<skipped>
</skipped>
</testcase>
</testsuite>
<testsuite name="phase3-core-validation.spec.js" timestamp="2025-08-23T08:39:36.066Z" hostname="webkit-mobile" tests="11" failures="4" skipped="7" time="0" errors="0">
<testcase name="Phase 3: Core Mobile Navigation Validation › Essential Functionality Tests › should have working mobile navigation on Home page" classname="phase3-core-validation.spec.js" time="0">
<failure message="phase3-core-validation.spec.js:42:7 should have working mobile navigation on Home page" type="FAILURE">
<![CDATA[  [webkit-mobile] › phase3-core-validation.spec.js:42:7 › Phase 3: Core Mobile Navigation Validation › Essential Functionality Tests › should have working mobile navigation on Home page 

    Error: worker process exited unexpectedly (code=3221225794, signal=null)
]]>
</failure>
</testcase>
<testcase name="Phase 3: Core Mobile Navigation Validation › Essential Functionality Tests › should have working mobile navigation on Services page" classname="phase3-core-validation.spec.js" time="0">
<skipped>
</skipped>
</testcase>
<testcase name="Phase 3: Core Mobile Navigation Validation › Essential Functionality Tests › should have working mobile navigation on Resources page" classname="phase3-core-validation.spec.js" time="0">
<skipped>
</skipped>
</testcase>
<testcase name="Phase 3: Core Mobile Navigation Validation › Essential Functionality Tests › should have working mobile navigation on Impact page" classname="phase3-core-validation.spec.js" time="0">
<failure message="phase3-core-validation.spec.js:42:7 should have working mobile navigation on Impact page" type="FAILURE">
<![CDATA[  [webkit-mobile] › phase3-core-validation.spec.js:42:7 › Phase 3: Core Mobile Navigation Validation › Essential Functionality Tests › should have working mobile navigation on Impact page 

    Error: worker process exited unexpectedly (code=3221225794, signal=null)
]]>
</failure>
</testcase>
<testcase name="Phase 3: Core Mobile Navigation Validation › Essential Functionality Tests › should have working mobile navigation on Contact page" classname="phase3-core-validation.spec.js" time="0">
<skipped>
</skipped>
</testcase>
<testcase name="Phase 3: Core Mobile Navigation Validation › Essential Functionality Tests › should have working mobile navigation on About page" classname="phase3-core-validation.spec.js" time="0">
<skipped>
</skipped>
</testcase>
<testcase name="Phase 3: Core Mobile Navigation Validation › Cross-Page Consistency › should have identical navigation structure across all pages" classname="phase3-core-validation.spec.js" time="0">
<failure message="phase3-core-validation.spec.js:89:5 should have identical navigation structure across all pages" type="FAILURE">
<![CDATA[  [webkit-mobile] › phase3-core-validation.spec.js:89:5 › Phase 3: Core Mobile Navigation Validation › Cross-Page Consistency › should have identical navigation structure across all pages 

    Error: worker process exited unexpectedly (code=3221225794, signal=null)
]]>
</failure>
</testcase>
<testcase name="Phase 3: Core Mobile Navigation Validation › Accessibility Core Tests › should meet basic accessibility requirements" classname="phase3-core-validation.spec.js" time="0">
<skipped>
</skipped>
</testcase>
<testcase name="Phase 3: Core Mobile Navigation Validation › Performance Validation › should load quickly and efficiently" classname="phase3-core-validation.spec.js" time="0">
<skipped>
</skipped>
</testcase>
<testcase name="Phase 3: Core Mobile Navigation Validation › Production Readiness › should have no critical console errors" classname="phase3-core-validation.spec.js" time="0">
<failure message="phase3-core-validation.spec.js:177:5 should have no critical console errors" type="FAILURE">
<![CDATA[  [webkit-mobile] › phase3-core-validation.spec.js:177:5 › Phase 3: Core Mobile Navigation Validation › Production Readiness › should have no critical console errors 

    Error: worker process exited unexpectedly (code=3221225794, signal=null)
]]>
</failure>
</testcase>
<testcase name="Phase 3: Core Mobile Navigation Validation › Production Readiness › should work across different mobile orientations" classname="phase3-core-validation.spec.js" time="0">
<skipped>
</skipped>
</testcase>
</testsuite>
</testsuites>